<?xml version="1.0" encoding="UTF-8"?>
<!-- Generated by org.testng.reporters.JUnitReportReporter -->
<testsuite hostname="DESKTOP-2JBFBCA" failures="0" tests="2" name="testCases.ContactPageTest" time="4.240" errors="0" timestamp="2022-04-04T11:42:08 EDT" skipped="0">
  <testcase classname="testCases.ContactPageTest" name="enterInfos" time="2.423"/>
  <system-out/>
  <testcase classname="testCases.ContactPageTest" name="enterInfos" time="1.817"/>
  <system-out/>
</testsuite> <!-- testCases.ContactPageTest -->
