<?xml version="1.0" encoding="UTF-8"?>
<!-- Generated by org.testng.reporters.JUnitReportReporter -->
<testsuite hostname="DESKTOP-2JBFBCA" failures="0" tests="2" name="testCases.ContactPageTest" time="5.472" errors="0" timestamp="2022-04-04T17:35:52 EDT" skipped="0">
  <testcase classname="testCases.ContactPageTest" name="enterInfos" time="3.241"/>
  <system-out/>
  <testcase classname="testCases.ContactPageTest" name="enterInfos" time="2.231"/>
  <system-out/>
</testsuite> <!-- testCases.ContactPageTest -->
