<?xml version="1.0" encoding="UTF-8"?>
<!-- Generated by org.testng.reporters.JUnitReportReporter -->
<testsuite hostname="DESKTOP-2JBFBCA" failures="0" tests="2" name="testCases.ContactPageTest" time="4.729" errors="0" timestamp="2022-04-04T11:25:03 EDT" skipped="0">
  <testcase classname="testCases.ContactPageTest" name="enterInfos" time="1.923"/>
  <system-out/>
  <testcase classname="testCases.ContactPageTest" name="enterInfos" time="2.806"/>
  <system-out/>
</testsuite> <!-- testCases.ContactPageTest -->
