<?xml version="1.0" encoding="UTF-8"?>
<!-- Generated by org.testng.reporters.JUnitReportReporter -->
<testsuite hostname="DESKTOP-2JBFBCA" failures="0" tests="1" name="testCases.HomePageTest" time="1.322" errors="0" timestamp="2022-04-04T11:26:48 EDT" skipped="0">
  <testcase classname="testCases.HomePageTest" name="verifyLogo" time="1.322"/>
  <system-out/>
</testsuite> <!-- testCases.HomePageTest -->
