<?xml version="1.0" encoding="UTF-8"?>
<!-- Generated by org.testng.reporters.JUnitReportReporter -->
<testsuite hostname="DESKTOP-2JBFBCA" failures="0" tests="1" name="testCases.HomePageTest" time="2.826" errors="0" timestamp="2022-04-04T14:18:08 EDT" skipped="0">
  <testcase classname="testCases.HomePageTest" name="verifyLogo" time="2.826"/>
  <system-out/>
</testsuite> <!-- testCases.HomePageTest -->
